{
    "header":
    {
        "generatedOn": 1681646436225,
        "viewKeys":
        {
            "uniqueKey":
            [
                "system-ip"
            ],
            "preferenceKey": "grid-DeviceMultitenant"
        },
        "columns":
        [
            {
                "title": "Hostname",
                "property": "host-name",
                "display": "iconAndText",
                "iconProperty": "device-type",
                "hideable": false,
                "icon":
                [
                    {
                        "key": "vmanage",
                        "value": "images/vmanage_table.png"
                    },
                    {
                        "key": "vedge",
                        "value": "images/vedge_table.png"
                    },
                    {
                        "key": "vedge-vbond",
                        "value": "images/vedge-vbond_table.png"
                    },
                    {
                        "key": "vsmart",
                        "value": "images/vsmart_table.png"
                    },
                    {
                        "key": "vbond",
                        "value": "images/vbond_table.png"
                    }
                ],
                "width": 150,
                "dataType": "string"
            },
            {
                "title": "State",
                "property": "state",
                "display": "iconAndToolTip",
                "iconProperty": "state",
                "toolTipProperty": "state_description",
                "defaultPropertyKey": "reachability",
                "defaultPropertyValue": "reachable",
                "icon":
                [
                    {
                        "key": "green",
                        "value": "images/device_state_green.png"
                    },
                    {
                        "key": "red",
                        "value": "images/device_state_red.png"
                    },
                    {
                        "key": "yellow",
                        "value": "images/device_state_yellow.png"
                    },
                    {
                        "key": "default",
                        "value": "images/device_state_other.png"
                    }
                ],
                "width": 20,
                "dataType": "string"
            },
            {
                "title": "System IP",
                "property": "local-system-ip",
                "width": 110,
                "dataType": "ipv4"
            },
            {
                "title": "vManage System IP",
                "property": "system-ip",
                "visible": false,
                "width": 110,
                "dataType": "ipv4"
            },
            {
                "title": "Reachability",
                "property": "reachability",
                "display": "multiColumns",
                "color":
                [
                    {
                        "key": "reachable",
                        "value": "616161",
                        "property": "reachability"
                    },
                    {
                        "key": "unreachable",
                        "value": "ef5350",
                        "property": "reachability"
                    },
                    {
                        "key": "auth-failed",
                        "value": "ffb300",
                        "property": "reachability"
                    },
                    {
                        "key": "staging",
                        "value": "ffb300",
                        "property": "validity"
                    }
                ],
                "width": 150,
                "minWidth": 150,
                "dataType": "string"
            },
            {
                "title": "Site ID",
                "property": "site-id",
                "width": 70,
                "dataType": "numberStr"
            },
            {
                "title": "Device Model",
                "property": "device-model",
                "display": "multiColumns",
                "width": 100,
                "dataType": "deviceModel"
            },
            {
                "title": "BFD",
                "property": "bfdSessions",
                "width": 75,
                "minWidth": 65,
                "dataType": "numberStr"
            },
            {
                "title": "Control",
                "property": "controlConnections",
                "width": 75,
                "minWidth": 65,
                "dataType": "numberStr"
            },
            {
                "title": "Version",
                "property": "version",
                "width": 150,
                "dataType": "string"
            },
            {
                "title": "Up Since",
                "property": "uptime-date",
                "displayFormat": "DD MMM YYYY h:mm:ss A z",
                "inputFormat": "unix-time",
                "width": 200,
                "dataType": "date"
            },
            {
                "title": "Chassis Number/ID",
                "property": "uuid",
                "width": 220,
                "dataType": "string"
            },
            {
                "title": "Device Groups",
                "property": "device-groups",
                "width": 100,
                "dataType": "array"
            },
            {
                "title": "Connected vManage",
                "property": "connectedVManages",
                "visible": true,
                "width": 500,
                "dataType": "array"
            }
        ],
        "fields":
        [
            {
                "property": "host-name",
                "dataType": "string",
                "display": "iconAndText"
            },
            {
                "property": "state",
                "dataType": "string",
                "display": "iconAndToolTip"
            },
            {
                "property": "local-system-ip",
                "dataType": "ipv4"
            },
            {
                "property": "system-ip",
                "dataType": "ipv4"
            },
            {
                "property": "reachability",
                "dataType": "string",
                "display": "multiColumns"
            },
            {
                "property": "site-id",
                "dataType": "numberStr"
            },
            {
                "property": "device-model",
                "dataType": "deviceModel",
                "display": "multiColumns"
            },
            {
                "property": "bfdSessions",
                "dataType": "numberStr"
            },
            {
                "property": "controlConnections",
                "dataType": "numberStr"
            },
            {
                "property": "version",
                "dataType": "string"
            },
            {
                "property": "number-vsmart-peers",
                "dataType": "number"
            },
            {
                "property": "uptime-date",
                "dataType": "date"
            },
            {
                "property": "uuid",
                "dataType": "string"
            },
            {
                "property": "board-serial",
                "dataType": "string"
            },
            {
                "property": "device-groups",
                "dataType": "array"
            },
            {
                "property": "connectedVManages",
                "dataType": "array"
            },
            {
                "property": "lastupdated",
                "dataType": "date"
            }
        ]
    },
    "data":
    [
        {
            "deviceId": "169.254.10.4",
            "system-ip": "169.254.10.4",
            "host-name": "MT1_vsmart1",
            "reachability": "reachable",
            "status": "normal",
            "personality": "vsmart",
            "device-type": "vsmart",
            "timezone": "UTC",
            "device-groups":
            [
                "No groups"
            ],
            "lastupdated": 1681642673399,
            "domain-id": "1",
            "board-serial": "E32469050661DDFB",
            "certificate-validity": "Valid",
            "uuid": "0d485701-2d9c-4f91-88e2-f9212484c0d8",
            "controlConnections": "6",
            "device-model": "vsmart",
            "version": "20.9.2-507",
            "connectedVManages":
            [
                "169.254.10.1"
            ],
            "site-id": "10011",
            "ompPeers": "1",
            "latitude": "37.666684",
            "longitude": "-122.777023",
            "isDeviceGeoData": false,
            "platform": "x86_64",
            "uptime-date": 1681442280000,
            "statusOrder": 4,
            "device-os": "next",
            "validity": "valid",
            "state": "green",
            "state_description": "All daemons up",
            "model_sku": "None",
            "local-system-ip": "1.1.1.11",
            "total_cpu_count": "4",
            "testbed_mode": true,
            "layoutLevel": 2
        },
        {
            "deviceId": "169.254.10.5",
            "system-ip": "169.254.10.5",
            "host-name": "MT1_vsmart2",
            "reachability": "reachable",
            "status": "normal",
            "personality": "vsmart",
            "device-type": "vsmart",
            "timezone": "UTC",
            "device-groups":
            [
                "No groups"
            ],
            "lastupdated": 1681642676275,
            "domain-id": "1",
            "board-serial": "026C3C17D128416F",
            "certificate-validity": "Valid",
            "uuid": "39abf93e-9e29-49c6-96b8-26d8c8666fac",
            "controlConnections": "6",
            "device-model": "vsmart",
            "version": "20.9.2-507",
            "connectedVManages":
            [
                "169.254.10.1"
            ],
            "site-id": "10012",
            "ompPeers": "1",
            "latitude": "37.666684",
            "longitude": "-122.777023",
            "isDeviceGeoData": false,
            "platform": "x86_64",
            "uptime-date": 1681442340000,
            "statusOrder": 4,
            "device-os": "next",
            "validity": "valid",
            "state": "green",
            "state_description": "All daemons up",
            "model_sku": "None",
            "local-system-ip": "1.1.1.12",
            "total_cpu_count": "4",
            "testbed_mode": true,
            "layoutLevel": 2
        }
    ]
}