{
    "header":
    {
        "generatedOn": 1681648951577,
        "viewKeys":
        {
            "uniqueKey":
            [],
            "preferenceKey": "grid-TemplateMasterWithFeature"
        },
        "columns":
        [
            {
                "title": "Name",
                "property": "templateName",
                "hideable": false,
                "dataType": "string"
            },
            {
                "title": "Description",
                "property": "templateDescription",
                "dataType": "string"
            },
            {
                "title": "Type",
                "property": "configType",
                "display": "keyvalue",
                "keyvalueProperty": "configType",
                "hideable": false,
                "keyvalue":
                [
                    {
                        "key": "file",
                        "value": "CLI"
                    },
                    {
                        "key": "template",
                        "value": "Feature"
                    }
                ],
                "dataType": "string"
            },
            {
                "title": "Device Model",
                "property": "deviceType",
                "display": "keyvalue",
                "keyvalueProperty": "deviceType",
                "hideable": false,
                "minWidth": 100,
                "dataType": "string"
            },
            {
                "title": "Device Role",
                "property": "deviceRole",
                "display": "keyvalue",
                "keyvalueProperty": "deviceRole",
                "hideable": false,
                "keyvalue":
                [
                    {
                        "key": "sdwan-edge",
                        "value": "SDWAN Edge"
                    },
                    {
                        "key": "service-node",
                        "value": "Service Node"
                    }
                ],
                "minWidth": 100,
                "dataType": "string"
            },
            {
                "title": "Feature Templates",
                "property": "templateAttached",
                "dataType": "string"
            },
            {
                "title": "Draft Mode",
                "property": "draftMode",
                "dataType": "string"
            },
            {
                "title": "Devices Attached",
                "property": "devicesAttached",
                "display": "deviceLinkCell",
                "dataType": "number"
            },
            {
                "title": "Updated By",
                "property": "lastUpdatedBy",
                "dataType": "string"
            },
            {
                "title": "Last Updated",
                "property": "lastUpdatedOn",
                "displayFormat": "DD MMM YYYY h:mm:ss A z",
                "inputFormat": "unix-time",
                "dataType": "date"
            }
        ],
        "fields":
        [
            {
                "property": "templateName",
                "dataType": "string"
            },
            {
                "property": "templateDescription",
                "dataType": "string"
            },
            {
                "property": "configType",
                "dataType": "string",
                "display": "keyvalue"
            },
            {
                "property": "deviceType",
                "dataType": "string",
                "display": "keyvalue"
            },
            {
                "property": "deviceRole",
                "dataType": "string",
                "display": "keyvalue"
            },
            {
                "property": "templateAttached",
                "dataType": "string"
            },
            {
                "property": "draftMode",
                "dataType": "string"
            },
            {
                "property": "devicesAttached",
                "dataType": "number",
                "display": "deviceLinkCell"
            },
            {
                "property": "lastUpdatedBy",
                "dataType": "string"
            },
            {
                "property": "lastUpdatedOn",
                "dataType": "date"
            }
        ]
    },
    "data":
    [
        {
            "deviceType": "vsmart",
            "lastUpdatedBy": "admin",
            "resourceGroup": "global",
            "templateClass": "vedge",
            "configType": "file",
            "templateId": "b68b34ba-b572-4a8c-9b93-90859aaa064a",
            "factoryDefault": false,
            "templateName": "vsmart1_template",
            "devicesAttached": 0,
            "templateDescription": "vsmart1_template",
            "draftMode": "Disabled",
            "lastUpdatedOn": 1681648912830,
            "templateAttached": 0
        },
        {
            "deviceType": "vsmart",
            "lastUpdatedBy": "admin",
            "resourceGroup": "global",
            "templateClass": "vedge",
            "configType": "file",
            "templateId": "5330f4f4-2be2-4187-8eb8-1f7f6ae580cb",
            "factoryDefault": false,
            "templateName": "vsmart2_template",
            "devicesAttached": 0,
            "templateDescription": "vsmart2_template",
            "draftMode": "Disabled",
            "lastUpdatedOn": 1681648913480,
            "templateAttached": 0
        },
        {
            "deviceType": "vedge-C8000V",
            "lastUpdatedBy": "system",
            "resourceGroup": "global",
            "deviceRole": "sdwan-edge",
            "templateClass": "cedge",
            "configType": "template",
            "templateId": "fe96091e-87d6-4118-9165-cbc799e17483",
            "factoryDefault": true,
            "templateName": "Default_AWS_TGW_C8000V_Template_V01",
            "devicesAttached": 0,
            "templateDescription": "Default device template for AWS TGW C8000V",
            "lastUpdatedOn": 1681640396175,
            "templateAttached": 11,
            "draftMode": "Disabled"
        },
        {
            "deviceType": "vedge-CSR-1000v",
            "lastUpdatedBy": "system",
            "resourceGroup": "global",
            "deviceRole": "sdwan-edge",
            "templateClass": "cedge",
            "configType": "template",
            "templateId": "bd33ab1d-83c2-4f4c-b5b4-387ad40b819e",
            "factoryDefault": true,
            "templateName": "Default_AWS_TGW_CSR1000V_Template_V01",
            "devicesAttached": 0,
            "templateDescription": "Default device template for AWS TGW CSR1000V",
            "lastUpdatedOn": 1681640397654,
            "templateAttached": 11,
            "draftMode": "Disabled"
        },
        {
            "deviceType": "vedge-C8000V",
            "lastUpdatedBy": "system",
            "resourceGroup": "global",
            "deviceRole": "sdwan-edge",
            "templateClass": "cedge",
            "configType": "template",
            "templateId": "7795065f-3078-44b7-8c66-6bc4a3b4c00f",
            "factoryDefault": true,
            "templateName": "Default_Azure_vWAN_C8000V_Template_V01",
            "devicesAttached": 0,
            "templateDescription": "Default device template for Azure vWAN C8000V",
            "lastUpdatedOn": 1681640399295,
            "templateAttached": 11,
            "draftMode": "Disabled"
        },
        {
            "deviceType": "vedge-C8000V",
            "lastUpdatedBy": "system",
            "resourceGroup": "global",
            "deviceRole": "sdwan-edge",
            "templateClass": "cedge",
            "configType": "template",
            "templateId": "f7b54d0b-b4ae-4868-9e36-296ece72b1ef",
            "factoryDefault": true,
            "templateName": "Default_BOOTSTRAP_DHCP_8000V_Template_V01",
            "devicesAttached": 0,
            "templateDescription": "Default device template for onboarding C8000V devices with dhcp configurations",
            "lastUpdatedOn": 1681640398755,
            "templateAttached": 11,
            "draftMode": "Disabled"
        },
        {
            "deviceType": "vedge-C8000V",
            "lastUpdatedBy": "system",
            "resourceGroup": "global",
            "deviceRole": "sdwan-edge",
            "templateClass": "cedge",
            "configType": "template",
            "templateId": "7e0af6fc-880b-4ca3-a86d-44bc8e0c5bc7",
            "factoryDefault": true,
            "templateName": "Default_BOOTSTRAP_STATIC_8000V_Template_V01",
            "devicesAttached": 0,
            "templateDescription": "Default device template for AWS TGW C8000V",
            "lastUpdatedOn": 1681640399961,
            "templateAttached": 10,
            "draftMode": "Disabled"
        },
        {
            "deviceType": "vedge-CSR-1000v",
            "lastUpdatedBy": "system",
            "resourceGroup": "global",
            "deviceRole": "sdwan-edge",
            "templateClass": "cedge",
            "configType": "template",
            "templateId": "086f19b6-8f7b-4d6a-9018-4e4ba0f6fa3c",
            "factoryDefault": true,
            "templateName": "Default_EQUINIX_DHCP_DNS_ICGW_CSR1000V_Template_V02",
            "devicesAttached": 0,
            "templateDescription": "Default DHCP DNS device template for Equinix Interconnect Gateway CSR1000V",
            "lastUpdatedOn": 1681640400511,
            "templateAttached": 11,
            "draftMode": "Disabled"
        },
        {
            "deviceType": "vedge-C8000V",
            "lastUpdatedBy": "system",
            "resourceGroup": "global",
            "deviceRole": "sdwan-edge",
            "templateClass": "cedge",
            "configType": "template",
            "templateId": "0cf988ca-b2a6-4ed6-a5cd-fb39fc44c22c",
            "factoryDefault": true,
            "templateName": "Default_GCP_C8000V_Template_V01",
            "devicesAttached": 0,
            "templateDescription": "Default device template for GCP C8000V",
            "lastUpdatedOn": 1681640398135,
            "templateAttached": 10,
            "draftMode": "Disabled"
        },
        {
            "deviceType": "vedge-C8000V",
            "lastUpdatedBy": "system",
            "resourceGroup": "global",
            "deviceRole": "sdwan-edge",
            "templateClass": "cedge",
            "configType": "template",
            "templateId": "1f5a75c8-e1e0-4660-bb96-40aaebee3ea2",
            "factoryDefault": true,
            "templateName": "Default_MEGAPORT_ICGW_C8000V_Template_V01",
            "devicesAttached": 0,
            "templateDescription": "Default device template for Megaport Interconnect Gateway C8000V",
            "lastUpdatedOn": 1681640399332,
            "templateAttached": 9,
            "draftMode": "Disabled"
        },
        {
            "deviceType": "vedge-C8000V",
            "lastUpdatedBy": "system",
            "resourceGroup": "global",
            "deviceRole": "sdwan-edge",
            "templateClass": "cedge",
            "configType": "template",
            "templateId": "c24d50e4-49a9-47d6-a2d1-7d32952ca7f4",
            "factoryDefault": true,
            "templateName": "Default_SDBranch_C8000V_Template_V01",
            "devicesAttached": 0,
            "templateDescription": "Default device template for SD Branch C8000V",
            "lastUpdatedOn": 1681640395329,
            "templateAttached": 16,
            "draftMode": "Disabled"
        },
        {
            "deviceType": "vedge-ISRv",
            "lastUpdatedBy": "system",
            "resourceGroup": "global",
            "deviceRole": "sdwan-edge",
            "templateClass": "cedge",
            "configType": "template",
            "templateId": "afad13d1-1dc4-42be-8d73-f989edeed175",
            "factoryDefault": true,
            "templateName": "Default_SDBranch_ISRv_Template_V01",
            "devicesAttached": 0,
            "templateDescription": "Default device template for SD Branch ISRv",
            "lastUpdatedOn": 1681640399873,
            "templateAttached": 16,
            "draftMode": "Disabled"
        },
        {
            "deviceType": "vedge-cloud",
            "lastUpdatedBy": "system",
            "resourceGroup": "global",
            "deviceRole": "sdwan-edge",
            "templateClass": "vedge",
            "configType": "template",
            "templateId": "669662cf-f3a5-4d22-9531-9893050fb8bb",
            "factoryDefault": true,
            "templateName": "Default_SDBranch_vEdge_cloud_Template_V01",
            "devicesAttached": 0,
            "templateDescription": "Default device template for SD Branch vedge cloud",
            "lastUpdatedOn": 1681640396873,
            "templateAttached": 14,
            "draftMode": "Disabled"
        },
        {
            "deviceType": "vedge-C8000V",
            "lastUpdatedBy": "system",
            "resourceGroup": "global",
            "deviceRole": "sdwan-edge",
            "templateClass": "cedge",
            "configType": "template",
            "templateId": "62467ca0-604d-43ac-91f2-ebe158e04fce",
            "factoryDefault": true,
            "templateName": "Factory_Default_1_TLOC_Branch_Template",
            "devicesAttached": 0,
            "templateDescription": "Factory Default 1 TLOC Branch Template for CSR C8000V",
            "lastUpdatedOn": 1681640398375,
            "templateAttached": 17,
            "draftMode": "Disabled"
        },
        {
            "deviceType": "vedge-C1111-8PLTELA",
            "lastUpdatedBy": "system",
            "resourceGroup": "global",
            "deviceRole": "sdwan-edge",
            "templateClass": "cedge",
            "configType": "template",
            "templateId": "9200cd12-dc56-41fc-a8da-054e5d181a53",
            "factoryDefault": true,
            "templateName": "Factory_Default_C1111_8PLTELA_V01",
            "devicesAttached": 0,
            "templateDescription": "Factory Default template for C1111-8PLTELA",
            "lastUpdatedOn": 1681640396254,
            "templateAttached": 15,
            "draftMode": "Disabled"
        },
        {
            "deviceType": "vedge-C8000V",
            "lastUpdatedBy": "system",
            "resourceGroup": "global",
            "deviceRole": "sdwan-edge",
            "templateClass": "cedge",
            "configType": "template",
            "templateId": "b4da8759-e7ac-4391-bf7d-22c33d1d5398",
            "factoryDefault": true,
            "templateName": "Factory_Default_C8000V_V01",
            "devicesAttached": 0,
            "templateDescription": "Factory Default template for  C8000V",
            "lastUpdatedOn": 1681640400812,
            "templateAttached": 22,
            "draftMode": "Disabled"
        },
        {
            "deviceType": "vedge-C8000V",
            "lastUpdatedBy": "system",
            "resourceGroup": "global",
            "deviceRole": "sdwan-edge",
            "templateClass": "cedge",
            "configType": "template",
            "templateId": "dbc72823-348c-4e97-b702-150bbaa38aaf",
            "factoryDefault": true,
            "templateName": "Factory_Default_DC1_HUB",
            "devicesAttached": 0,
            "templateDescription": "Factory Default DC1 HUB for CSR C8000V",
            "lastUpdatedOn": 1681640397106,
            "templateAttached": 19,
            "draftMode": "Disabled"
        },
        {
            "deviceType": "vedge-ISR-4331",
            "lastUpdatedBy": "system",
            "resourceGroup": "global",
            "deviceRole": "sdwan-edge",
            "templateClass": "cedge",
            "configType": "template",
            "templateId": "0c391e79-964d-4084-921e-f1b808a3aafd",
            "factoryDefault": true,
            "templateName": "Factory_Default_ISR_4331_V01",
            "devicesAttached": 0,
            "templateDescription": "Factory Default template for ISR4331 device",
            "lastUpdatedOn": 1681640395261,
            "templateAttached": 14,
            "draftMode": "Disabled"
        }
    ]
}