{
    "header":
    {
        "generatedOn": 1681697541097,
        "viewKeys":
        {
            "uniqueKey":
            [],
            "preferenceKey": "grid-DeviceActionTemplateConfigureResult"
        },
        "columns":
        [
            {
                "title": "Status",
                "property": "status",
                "display": "iconAndText",
                "iconProperty": "statusId",
                "hideable": false,
                "icon":
                [
                    {
                        "key": "validation_success",
                        "value": "images/action_success.png"
                    },
                    {
                        "key": "validation_failure",
                        "value": "images/action_failure.png"
                    },
                    {
                        "key": "success",
                        "value": "images/action_success.png"
                    },
                    {
                        "key": "success_warning",
                        "value": "images/action_success_warning.png"
                    },
                    {
                        "key": "failure",
                        "value": "images/action_failure.png"
                    },
                    {
                        "key": "in_progress",
                        "value": "images/action_in_progress.png"
                    },
                    {
                        "key": "scheduled",
                        "value": "images/action_scheduled.png"
                    },
                    {
                        "key": "time_out",
                        "value": "images/action_timedout.png"
                    },
                    {
                        "key": "skipped",
                        "value": "images/action_skipped.png"
                    }
                ],
                "dataType": "string"
            },
            {
                "title": "Message",
                "property": "currentActivity",
                "dataType": "string"
            },
            {
                "title": "Chassis Number",
                "property": "uuid",
                "dataType": "string"
            },
            {
                "title": "Device Model",
                "property": "deviceModel",
                "display": "keyvalue",
                "keyvalueProperty": "deviceModel",
                "dataType": "string"
            },
            {
                "title": "Hostname",
                "property": "host-name",
                "display": "iconAndText",
                "iconProperty": "host-name-icon",
                "hideable": false,
                "dataType": "string"
            },
            {
                "title": "System IP",
                "property": "local-system-ip",
                "dataType": "ipv4"
            },
            {
                "title": "Site ID",
                "property": "site-id",
                "dataType": "number"
            },
            {
                "title": "vManage IP",
                "property": "vmanageIP",
                "dataType": "ipv4"
            }
        ],
        "fields":
        [
            {
                "property": "status",
                "dataType": "string",
                "display": "iconAndText"
            },
            {
                "property": "currentActivity",
                "dataType": "string"
            },
            {
                "property": "uuid",
                "dataType": "string"
            },
            {
                "property": "deviceModel",
                "dataType": "string",
                "display": "keyvalue"
            },
            {
                "property": "host-name",
                "dataType": "string",
                "display": "iconAndText"
            },
            {
                "property": "system-ip",
                "dataType": "ipv4"
            },
            {
                "property": "local-system-ip",
                "dataType": "ipv4"
            },
            {
                "property": "site-id",
                "dataType": "number"
            },
            {
                "property": "vmanageIP",
                "dataType": "ipv4"
            }
        ]
    },
    "data":
    [
        {
            "activity":
            [
                "[17-Apr-2023 2:11:51 UTC] Configuring device with cli template: vm9",
                "[17-Apr-2023 2:11:51 UTC] Generating configuration from template",
                "[17-Apr-2023 2:11:53 UTC] Checking and creating device in vManage",
                "[17-Apr-2023 2:11:56 UTC] Generating configuration from template",
                "[17-Apr-2023 2:12:02 UTC] Device is online",
                "[17-Apr-2023 2:12:02 UTC] Updating device configuration in vManage",
                "[17-Apr-2023 2:12:04 UTC] Sending configuration to device",
                "[17-Apr-2023 2:12:13 UTC] Completed template push to device.",
                "[17-Apr-2023 2:12:16 UTC] Template successfully attached to device"
            ],
            "local-system-ip": "172.16.255.19",
            "statusType": "push_file_template_configuration",
            "scheduledAction": false,
            "system-ip": "172.16.255.19",
            "site-id": "100",
            "templateId": "2f37c454-fb3d-4978-9154-8fabcf1c085f",
            "uuid": "314f8c48-a510-4b0b-8e43-71c66e5b3f68",
            "tenant-id": "default",
            "@rid": 1834,
            "actionConfig": "{\"csv-status\":\"complete\",\"csv-deviceId\":\"314f8c48-a510-4b0b-8e43-71c66e5b3f68\",\"csv-deviceIP\":\"172.16.255.19\",\"csv-host-name\":\"vm9\",\"csv-templateId\":\"2f37c454-fb3d-4978-9154-8fabcf1c085f\"}",
            "processId": "push_file_template_configuration-b3b6dfec-2b82-4d2b-b573-f4ad875da09c",
            "device-type": "vsmart",
            "action": "push_file_template_configuration",
            "startTime": 1681697511327,
            "order": 0,
            "vmanageIP": "172.16.255.22",
            "host-name": "vm9",
            "deviceID": "314f8c48-a510-4b0b-8e43-71c66e5b3f68",
            "statusId": "success",
            "currentActivity": "Done - Push CLI Template Configuration",
            "deviceModel": "vsmart",
            "validity": "valid",
            "requestStatus": "received",
            "status": "Success",
            "lastUpdateTime": 1681697536522
        },
        {
            "activity":
            [
                "[17-Apr-2023 2:11:51 UTC] Configuring device with cli template: vm9",
                "[17-Apr-2023 2:11:51 UTC] Generating configuration from template",
                "[17-Apr-2023 2:11:53 UTC] Checking and creating device in vManage",
                "[17-Apr-2023 2:11:56 UTC] Generating configuration from template",
                "[17-Apr-2023 2:12:02 UTC] Device is online",
                "[17-Apr-2023 2:12:02 UTC] Updating device configuration in vManage",
                "[17-Apr-2023 2:12:04 UTC] System-ip:172.16.255.19 is already used by other device:314f8c48-a510-4b0b-8e43-71c66e5b3f68"
            ],
            "local-system-ip": "172.16.255.20",
            "statusType": "push_file_template_configuration",
            "scheduledAction": false,
            "system-ip": "172.16.255.20",
            "site-id": "200",
            "templateId": "2f37c454-fb3d-4978-9154-8fabcf1c085f",
            "uuid": "d6e188ae-ae40-446d-bd32-1f34156de644",
            "tenant-id": "default",
            "@rid": 1832,
            "actionConfig": "{\"csv-status\":\"complete\",\"csv-deviceId\":\"d6e188ae-ae40-446d-bd32-1f34156de644\",\"csv-deviceIP\":\"172.16.255.20\",\"csv-host-name\":\"vm10\",\"csv-templateId\":\"2f37c454-fb3d-4978-9154-8fabcf1c085f\"}",
            "processId": "push_file_template_configuration-b3b6dfec-2b82-4d2b-b573-f4ad875da09c",
            "device-type": "vsmart",
            "action": "push_file_template_configuration",
            "startTime": 1681697511006,
            "order": 0,
            "vmanageIP": "172.16.255.22",
            "host-name": "vm10",
            "deviceID": "d6e188ae-ae40-446d-bd32-1f34156de644",
            "statusId": "failure",
            "currentActivity": "Failed to attach configuration",
            "deviceModel": "vsmart",
            "validity": "valid",
            "requestStatus": "received",
            "status": "Failure",
            "lastUpdateTime": 1681697522698
        }
    ],
    "validation":
    {
        "activity":
        [
            "[17-Apr-2023 2:11:47 UTC] Starting Checks.",
            "[17-Apr-2023 2:11:48 UTC] Validating if device scheduled for template push are active",
            "[17-Apr-2023 2:11:50 UTC] Sending message to vmanage:172.16.255.22",
            "[17-Apr-2023 2:11:50 UTC] Published messages to vmanage(s)",
            "[17-Apr-2023 2:11:50 UTC] Checks completed."
        ],
        "statusType": "push_file_template_configuration",
        "scheduledAction": false,
        "vmanageIP": "172.16.255.22",
        "system-ip": "Validation",
        "templateId": "2f37c454-fb3d-4978-9154-8fabcf1c085f",
        "uuid": "Validation",
        "deviceID": "Validation",
        "tenant-id": "default",
        "@rid": 1830,
        "statusId": "validation_success",
        "currentActivity": "Done - Validation",
        "actionConfig": "{}",
        "processId": "push_file_template_configuration-b3b6dfec-2b82-4d2b-b573-f4ad875da09c",
        "action": "push_file_template_configuration",
        "startTime": 1681697506583,
        "requestStatus": "received",
        "status": "Validation success",
        "order": 0,
        "lastUpdateTime": 1681697506583
    },
    "summary":
    {
        "action": "push_file_template_configuration",
        "name": "Push CLI Template Configuration",
        "detailsURL": "/dataservice/device/action/status",
        "startTime": "1681697510530",
        "endTime": "1681697536719",
        "userSessionUserName": "admin",
        "userSessionIP": "10.0.1.1",
        "tenantName": "DefaultTenant",
        "total": 2,
        "status": "done",
        "count":
        {
            "Success": 1,
            "Failure": 1
        }
    },
    "isCancelEnabled": false,
    "isParallelExecutionEnabled": false
}
