{
    "header":
    {
        "generatedOn": 1681559000955,
        "title": "Site Health View"
    },
    "data":
    [
        {
            "count": 4,
            "detailsURL": "",
            "status": "error",
            "statusList":
            [
                {
                    "name": "Full WAN Connectivity",
                    "status": "up",
                    "message": "4 Full WAN Connectivity",
                    "detailsURL": "/dataservice/device/bfd/sites/detail?state=siteup",
                    "count": 4
                },
                {
                    "name": "Partial WAN Connectivity",
                    "status": "warning",
                    "message": "0 Partial WAN Connectivity",
                    "detailsURL": "/dataservice/device/bfd/sites/detail?state=sitepartial",
                    "count": 0
                },
                {
                    "name": "No WAN Connectivity",
                    "status": "down",
                    "message": "0 No WAN Connectivity",
                    "detailsURL": "/dataservice/device/bfd/sites/detail?state=sitedown",
                    "count": 0
                }
            ]
        }
    ]
}